<?xml version="1.0" encoding="UTF-8"?>
<!-- Generated by org.testng.reporters.JUnitReportReporter -->
<testsuite hostname="CRIBL-MUSHTAMN1" failures="0" TestCases.SubmitOrderTest="1" name="Day15.newWindowTab" time="12.272" errors="0" timestamp="2025-01-02T01:48:21 PKT" skipped="0">
  <testcase classname="Day15.newWindowTab" name="openNewTab" time="12.272"/>
</testsuite> <!-- Day15.newWindowTab -->
