<?xml version="1.0" encoding="UTF-8"?>
<!-- Generated by org.testng.reporters.JUnitReportReporter -->
<testsuite hostname="CRIBL-MUSHTAMN1" failures="0" tests="4" name="TestCases.SubmitOrderTest" time="67.658" errors="0" timestamp="2025-02-04T19:05:37 PKT" skipped="0">
  <testcase classname="TestCases.SubmitOrderTest" name="orderHistory" time="16.487"/>
  <testcase classname="TestCases.SubmitOrderTest" name="submitOrder" time="15.840"/>
  <testcase classname="TestCases.SubmitOrderTest" name="orderHistory" time="18.285"/>
  <testcase classname="TestCases.SubmitOrderTest" name="submitOrder" time="17.046"/>
</testsuite> <!-- TestCases.SubmitOrderTest -->
